mode: set
github.com/luuan11/middleProducts/cmd/server/main.go:20.39,23.2 2 0
github.com/luuan11/middleProducts/cmd/server/main.go:38.13,40.16 2 0
github.com/luuan11/middleProducts/cmd/server/main.go:40.16,42.3 1 0
github.com/luuan11/middleProducts/cmd/server/main.go:44.2,71.37 21 0
github.com/luuan11/middleProducts/cmd/server/main.go:71.37,73.3 1 0
github.com/luuan11/middleProducts/cmd/server/middleware/auth.go:12.44,16.25 2 0
github.com/luuan11/middleProducts/cmd/server/middleware/auth.go:16.25,18.3 1 0
github.com/luuan11/middleProducts/cmd/server/middleware/auth.go:20.2,20.30 1 0
github.com/luuan11/middleProducts/cmd/server/middleware/auth.go:20.30,23.18 2 0
github.com/luuan11/middleProducts/cmd/server/middleware/auth.go:23.18,26.4 2 0
github.com/luuan11/middleProducts/cmd/server/middleware/auth.go:28.3,28.29 1 0
github.com/luuan11/middleProducts/cmd/server/middleware/auth.go:28.29,31.4 2 0
github.com/luuan11/middleProducts/cmd/server/middleware/auth.go:33.3,33.11 1 0
github.com/luuan11/middleProducts/cmd/server/middleware/dummy.go:9.40,12.30 1 0
github.com/luuan11/middleProducts/cmd/server/middleware/dummy.go:12.30,15.3 2 0
github.com/luuan11/middleProducts/cmd/server/middleware/logger.go:9.41,12.2 2 0
github.com/luuan11/middleProducts/cmd/server/handler/products.go:34.53,38.2 1 0
github.com/luuan11/middleProducts/cmd/server/handler/products.go:49.51,50.32 1 0
github.com/luuan11/middleProducts/cmd/server/handler/products.go:50.32,52.17 2 0
github.com/luuan11/middleProducts/cmd/server/handler/products.go:52.17,57.4 2 0
github.com/luuan11/middleProducts/cmd/server/handler/products.go:59.3,59.18 1 0
github.com/luuan11/middleProducts/cmd/server/handler/products.go:59.18,62.4 2 0
github.com/luuan11/middleProducts/cmd/server/handler/products.go:64.3,64.29 1 0
github.com/luuan11/middleProducts/cmd/server/handler/products.go:78.50,79.32 1 0
github.com/luuan11/middleProducts/cmd/server/handler/products.go:79.32,81.40 2 0
github.com/luuan11/middleProducts/cmd/server/handler/products.go:81.40,86.4 2 0
github.com/luuan11/middleProducts/cmd/server/handler/products.go:89.3,91.17 3 0
github.com/luuan11/middleProducts/cmd/server/handler/products.go:91.17,94.4 2 0
github.com/luuan11/middleProducts/cmd/server/handler/products.go:95.3,95.34 1 0
github.com/luuan11/middleProducts/cmd/server/handler/products.go:99.51,100.32 1 0
github.com/luuan11/middleProducts/cmd/server/handler/products.go:100.32,106.17 2 0
github.com/luuan11/middleProducts/cmd/server/handler/products.go:106.17,109.4 2 0
github.com/luuan11/middleProducts/cmd/server/handler/products.go:111.3,112.50 2 0
github.com/luuan11/middleProducts/cmd/server/handler/products.go:112.50,115.4 2 0
github.com/luuan11/middleProducts/cmd/server/handler/products.go:117.3,119.21 2 0
github.com/luuan11/middleProducts/cmd/server/handler/products.go:119.21,122.4 2 0
github.com/luuan11/middleProducts/cmd/server/handler/products.go:124.3,124.25 1 0
github.com/luuan11/middleProducts/cmd/server/handler/products.go:124.25,127.4 2 0
github.com/luuan11/middleProducts/cmd/server/handler/products.go:129.3,129.21 1 0
github.com/luuan11/middleProducts/cmd/server/handler/products.go:129.21,132.4 2 0
github.com/luuan11/middleProducts/cmd/server/handler/products.go:134.3,134.21 1 0
github.com/luuan11/middleProducts/cmd/server/handler/products.go:134.21,137.4 2 0
github.com/luuan11/middleProducts/cmd/server/handler/products.go:139.3,140.17 2 0
github.com/luuan11/middleProducts/cmd/server/handler/products.go:140.17,143.4 2 0
github.com/luuan11/middleProducts/cmd/server/handler/products.go:144.3,144.29 1 0
github.com/luuan11/middleProducts/cmd/server/handler/products.go:148.55,149.32 1 0
github.com/luuan11/middleProducts/cmd/server/handler/products.go:149.32,162.17 2 0
github.com/luuan11/middleProducts/cmd/server/handler/products.go:162.17,165.4 2 0
github.com/luuan11/middleProducts/cmd/server/handler/products.go:166.3,167.50 2 0
github.com/luuan11/middleProducts/cmd/server/handler/products.go:167.50,170.4 2 0
github.com/luuan11/middleProducts/cmd/server/handler/products.go:171.3,171.21 1 0
github.com/luuan11/middleProducts/cmd/server/handler/products.go:171.21,174.4 2 0
github.com/luuan11/middleProducts/cmd/server/handler/products.go:175.3,176.17 2 0
github.com/luuan11/middleProducts/cmd/server/handler/products.go:176.17,179.4 2 0
github.com/luuan11/middleProducts/cmd/server/handler/products.go:180.3,180.29 1 0
github.com/luuan11/middleProducts/cmd/server/handler/products.go:184.51,185.32 1 0
github.com/luuan11/middleProducts/cmd/server/handler/products.go:185.32,188.17 2 0
github.com/luuan11/middleProducts/cmd/server/handler/products.go:188.17,191.4 2 0
github.com/luuan11/middleProducts/cmd/server/handler/products.go:192.3,193.17 2 0
github.com/luuan11/middleProducts/cmd/server/handler/products.go:193.17,196.4 2 0
github.com/luuan11/middleProducts/cmd/server/handler/products.go:199.3,199.87 1 0
github.com/luuan11/middleProducts/docs/docs.go:136.13,138.2 1 0
github.com/luuan11/middleProducts/pkg/web/error.go:5.70,7.2 1 0
github.com/luuan11/middleProducts/pkg/store/file.go:23.51,25.16 2 0
github.com/luuan11/middleProducts/pkg/store/file.go:25.16,27.3 1 0
github.com/luuan11/middleProducts/pkg/store/file.go:28.2,28.36 1 0
github.com/luuan11/middleProducts/pkg/store/file.go:31.52,33.16 2 0
github.com/luuan11/middleProducts/pkg/store/file.go:33.16,35.3 1 0
github.com/luuan11/middleProducts/pkg/store/file.go:36.2,36.50 1 0
github.com/luuan11/middleProducts/pkg/store/file.go:39.54,40.15 1 0
github.com/luuan11/middleProducts/pkg/store/file.go:41.16,42.30 1 0
github.com/luuan11/middleProducts/pkg/store/file.go:44.2,44.12 1 0
github.com/luuan11/middleProducts/pkg/store/file_mock.go:19.46,21.2 1 0
github.com/luuan11/middleProducts/pkg/store/file_mock.go:22.38,24.2 1 0
github.com/luuan11/middleProducts/pkg/store/file_mock.go:26.56,27.20 1 0
github.com/luuan11/middleProducts/pkg/store/file_mock.go:27.20,28.25 1 0
github.com/luuan11/middleProducts/pkg/store/file_mock.go:28.25,30.4 1 0
github.com/luuan11/middleProducts/pkg/store/file_mock.go:31.3,32.14 1 0
github.com/luuan11/middleProducts/pkg/store/file_mock.go:32.14,34.4 1 0
github.com/luuan11/middleProducts/pkg/store/file_mock.go:34.9,37.4 2 0
github.com/luuan11/middleProducts/pkg/store/file_mock.go:39.2,40.16 2 0
github.com/luuan11/middleProducts/pkg/store/file_mock.go:40.16,42.3 1 0
github.com/luuan11/middleProducts/pkg/store/file_mock.go:43.2,43.50 1 0
github.com/luuan11/middleProducts/pkg/store/file_mock.go:46.55,48.20 2 0
github.com/luuan11/middleProducts/pkg/store/file_mock.go:48.20,49.25 1 0
github.com/luuan11/middleProducts/pkg/store/file_mock.go:49.25,51.4 1 0
github.com/luuan11/middleProducts/pkg/store/file_mock.go:52.3,52.44 1 0
github.com/luuan11/middleProducts/pkg/store/file_mock.go:54.2,55.16 2 0
github.com/luuan11/middleProducts/pkg/store/file_mock.go:55.16,57.3 1 0
github.com/luuan11/middleProducts/pkg/store/file_mock.go:58.2,58.35 1 0
github.com/luuan11/middleProducts/internal/products/fileRepo.go:15.51,19.2 1 0
github.com/luuan11/middleProducts/internal/products/fileRepo.go:21.63,24.16 3 1
github.com/luuan11/middleProducts/internal/products/fileRepo.go:24.16,26.3 1 1
github.com/luuan11/middleProducts/internal/products/fileRepo.go:27.2,27.16 1 1
github.com/luuan11/middleProducts/internal/products/fileRepo.go:30.107,42.16 4 1
github.com/luuan11/middleProducts/internal/products/fileRepo.go:42.16,44.3 1 1
github.com/luuan11/middleProducts/internal/products/fileRepo.go:46.2,55.16 6 1
github.com/luuan11/middleProducts/internal/products/fileRepo.go:55.16,57.3 1 0
github.com/luuan11/middleProducts/internal/products/fileRepo.go:58.2,58.15 1 1
github.com/luuan11/middleProducts/internal/products/fileRepo.go:61.50,66.39 4 0
github.com/luuan11/middleProducts/internal/products/fileRepo.go:66.39,68.3 1 0
github.com/luuan11/middleProducts/internal/products/fileRepo.go:70.2,70.20 1 0
github.com/luuan11/middleProducts/internal/products/fileRepo.go:70.20,71.21 1 0
github.com/luuan11/middleProducts/internal/products/fileRepo.go:71.21,74.4 2 0
github.com/luuan11/middleProducts/internal/products/fileRepo.go:76.2,76.14 1 0
github.com/luuan11/middleProducts/internal/products/fileRepo.go:76.14,78.3 1 0
github.com/luuan11/middleProducts/internal/products/fileRepo.go:80.2,81.39 2 0
github.com/luuan11/middleProducts/internal/products/fileRepo.go:81.39,83.3 1 0
github.com/luuan11/middleProducts/internal/products/fileRepo.go:84.2,84.12 1 0
github.com/luuan11/middleProducts/internal/products/fileRepo.go:87.119,92.39 4 1
github.com/luuan11/middleProducts/internal/products/fileRepo.go:92.39,94.3 1 0
github.com/luuan11/middleProducts/internal/products/fileRepo.go:96.2,96.20 1 1
github.com/luuan11/middleProducts/internal/products/fileRepo.go:96.20,97.21 1 1
github.com/luuan11/middleProducts/internal/products/fileRepo.go:97.21,101.4 3 1
github.com/luuan11/middleProducts/internal/products/fileRepo.go:103.2,103.14 1 1
github.com/luuan11/middleProducts/internal/products/fileRepo.go:103.14,105.3 1 0
github.com/luuan11/middleProducts/internal/products/fileRepo.go:107.2,107.39 1 1
github.com/luuan11/middleProducts/internal/products/fileRepo.go:107.39,109.3 1 0
github.com/luuan11/middleProducts/internal/products/fileRepo.go:110.2,110.15 1 1
github.com/luuan11/middleProducts/internal/products/fileRepo.go:112.87,117.39 4 1
github.com/luuan11/middleProducts/internal/products/fileRepo.go:117.39,119.3 1 0
github.com/luuan11/middleProducts/internal/products/fileRepo.go:120.2,120.20 1 1
github.com/luuan11/middleProducts/internal/products/fileRepo.go:120.20,121.21 1 1
github.com/luuan11/middleProducts/internal/products/fileRepo.go:121.21,125.4 3 1
github.com/luuan11/middleProducts/internal/products/fileRepo.go:127.2,127.14 1 1
github.com/luuan11/middleProducts/internal/products/fileRepo.go:127.14,129.3 1 0
github.com/luuan11/middleProducts/internal/products/fileRepo.go:131.2,131.39 1 1
github.com/luuan11/middleProducts/internal/products/fileRepo.go:131.39,133.3 1 0
github.com/luuan11/middleProducts/internal/products/fileRepo.go:134.2,134.15 1 1
github.com/luuan11/middleProducts/internal/products/fileRepo.go:137.51,139.39 2 0
github.com/luuan11/middleProducts/internal/products/fileRepo.go:139.39,141.3 1 0
github.com/luuan11/middleProducts/internal/products/fileRepo.go:143.2,143.18 1 0
github.com/luuan11/middleProducts/internal/products/fileRepo.go:143.18,145.3 1 0
github.com/luuan11/middleProducts/internal/products/fileRepo.go:147.2,147.30 1 0
github.com/luuan11/middleProducts/internal/products/memoryRepo.go:14.65,16.2 1 0
github.com/luuan11/middleProducts/internal/products/memoryRepo.go:18.109,29.2 4 0
github.com/luuan11/middleProducts/internal/products/memoryRepo.go:31.121,39.20 3 0
github.com/luuan11/middleProducts/internal/products/memoryRepo.go:39.20,40.21 1 0
github.com/luuan11/middleProducts/internal/products/memoryRepo.go:40.21,44.4 3 0
github.com/luuan11/middleProducts/internal/products/memoryRepo.go:46.2,46.14 1 0
github.com/luuan11/middleProducts/internal/products/memoryRepo.go:46.14,48.3 1 0
github.com/luuan11/middleProducts/internal/products/memoryRepo.go:49.2,49.15 1 0
github.com/luuan11/middleProducts/internal/products/memoryRepo.go:52.89,55.20 3 0
github.com/luuan11/middleProducts/internal/products/memoryRepo.go:55.20,56.21 1 0
github.com/luuan11/middleProducts/internal/products/memoryRepo.go:56.21,60.4 3 0
github.com/luuan11/middleProducts/internal/products/memoryRepo.go:62.2,62.14 1 0
github.com/luuan11/middleProducts/internal/products/memoryRepo.go:62.14,64.3 1 0
github.com/luuan11/middleProducts/internal/products/memoryRepo.go:66.2,66.15 1 0
github.com/luuan11/middleProducts/internal/products/memoryRepo.go:69.52,72.20 3 0
github.com/luuan11/middleProducts/internal/products/memoryRepo.go:72.20,73.21 1 0
github.com/luuan11/middleProducts/internal/products/memoryRepo.go:73.21,76.4 2 0
github.com/luuan11/middleProducts/internal/products/memoryRepo.go:78.2,78.14 1 0
github.com/luuan11/middleProducts/internal/products/memoryRepo.go:78.14,80.3 1 0
github.com/luuan11/middleProducts/internal/products/memoryRepo.go:84.2,85.12 2 0
github.com/luuan11/middleProducts/internal/products/memoryRepo.go:88.53,90.2 1 0
github.com/luuan11/middleProducts/internal/products/mysql.go:12.64,14.2 1 0
github.com/luuan11/middleProducts/internal/products/mysql.go:16.108,18.2 1 0
github.com/luuan11/middleProducts/internal/products/mysql.go:20.52,22.2 1 0
github.com/luuan11/middleProducts/internal/products/repository.go:17.47,19.2 1 1
github.com/luuan11/middleProducts/internal/products/service.go:19.56,21.16 2 1
github.com/luuan11/middleProducts/internal/products/service.go:21.16,23.3 1 1
github.com/luuan11/middleProducts/internal/products/service.go:25.2,25.22 1 1
github.com/luuan11/middleProducts/internal/products/service.go:29.100,39.16 2 1
github.com/luuan11/middleProducts/internal/products/service.go:39.16,41.3 1 1
github.com/luuan11/middleProducts/internal/products/service.go:43.2,43.21 1 1
github.com/luuan11/middleProducts/internal/products/service.go:46.112,48.2 1 1
github.com/luuan11/middleProducts/internal/products/service.go:50.80,52.2 1 0
github.com/luuan11/middleProducts/internal/products/service.go:54.43,56.2 1 0
github.com/luuan11/middleProducts/internal/products/service.go:58.39,62.2 1 1
github.com/luuan11/middleProducts/pkg/store/file.go:23.51,25.16 2 0
github.com/luuan11/middleProducts/pkg/store/file.go:25.16,27.3 1 0
github.com/luuan11/middleProducts/pkg/store/file.go:28.2,28.36 1 0
github.com/luuan11/middleProducts/pkg/store/file.go:31.52,33.16 2 0
github.com/luuan11/middleProducts/pkg/store/file.go:33.16,35.3 1 0
github.com/luuan11/middleProducts/pkg/store/file.go:36.2,36.50 1 0
github.com/luuan11/middleProducts/pkg/store/file.go:39.54,40.15 1 0
github.com/luuan11/middleProducts/pkg/store/file.go:41.16,42.30 1 0
github.com/luuan11/middleProducts/pkg/store/file.go:44.2,44.12 1 0
github.com/luuan11/middleProducts/pkg/store/file_mock.go:19.46,21.2 1 0
github.com/luuan11/middleProducts/pkg/store/file_mock.go:22.38,24.2 1 0
github.com/luuan11/middleProducts/pkg/store/file_mock.go:26.56,27.20 1 1
github.com/luuan11/middleProducts/pkg/store/file_mock.go:27.20,28.25 1 1
github.com/luuan11/middleProducts/pkg/store/file_mock.go:28.25,30.4 1 0
github.com/luuan11/middleProducts/pkg/store/file_mock.go:31.3,32.14 1 1
github.com/luuan11/middleProducts/pkg/store/file_mock.go:32.14,34.4 1 0
github.com/luuan11/middleProducts/pkg/store/file_mock.go:34.9,37.4 2 1
github.com/luuan11/middleProducts/pkg/store/file_mock.go:39.2,40.16 2 0
github.com/luuan11/middleProducts/pkg/store/file_mock.go:40.16,42.3 1 0
github.com/luuan11/middleProducts/pkg/store/file_mock.go:43.2,43.50 1 0
github.com/luuan11/middleProducts/pkg/store/file_mock.go:46.55,48.20 2 1
github.com/luuan11/middleProducts/pkg/store/file_mock.go:48.20,49.25 1 1
github.com/luuan11/middleProducts/pkg/store/file_mock.go:49.25,51.4 1 1
github.com/luuan11/middleProducts/pkg/store/file_mock.go:52.3,52.44 1 1
github.com/luuan11/middleProducts/pkg/store/file_mock.go:54.2,55.16 2 0
github.com/luuan11/middleProducts/pkg/store/file_mock.go:55.16,57.3 1 0
github.com/luuan11/middleProducts/pkg/store/file_mock.go:58.2,58.35 1 0
